<?xml version="1.0" encoding="UTF-8"?>
<testng-results ignored="0" total="1" passed="1" failed="0" skipped="0">
  <reporter-output>
  </reporter-output>
  <suite started-at="2023-09-18T03:50:01 PDT" name="Default suite" finished-at="2023-09-18T03:50:12 PDT" duration-ms="11669">
    <groups>
    </groups>
    <test started-at="2023-09-18T03:50:01 PDT" name="Default test" finished-at="2023-09-18T03:50:12 PDT" duration-ms="11669">
      <class name="Search.SearchTest">
        <test-method is-config="true" signature="setUp()[pri:0, instance:Search.SearchTest@201a4587]" started-at="2023-09-18T03:50:01 PDT" name="setUp" finished-at="2023-09-18T03:50:08 PDT" duration-ms="6985" status="PASS">
          <reporter-output>
          </reporter-output>
        </test-method> <!-- setUp -->
        <test-method is-config="true" signature="goHome()[pri:0, instance:Search.SearchTest@201a4587]" started-at="2023-09-18T03:50:08 PDT" name="goHome" finished-at="2023-09-18T03:50:10 PDT" duration-ms="2122" status="PASS">
          <reporter-output>
          </reporter-output>
        </test-method> <!-- goHome -->
        <test-method signature="searchTestWithContainedWord()[pri:0, instance:Search.SearchTest@201a4587]" started-at="2023-09-18T03:50:10 PDT" name="searchTestWithContainedWord" finished-at="2023-09-18T03:50:12 PDT" duration-ms="2444" status="PASS">
          <reporter-output>
          </reporter-output>
        </test-method> <!-- searchTestWithContainedWord -->
        <test-method is-config="true" signature="recordFailure(org.testng.ITestResult)[pri:0, instance:Search.SearchTest@201a4587]" started-at="2023-09-18T03:50:12 PDT" name="recordFailure" finished-at="2023-09-18T03:50:12 PDT" duration-ms="5" status="PASS">
          <params>
            <param index="0">
              <value>
                <![CDATA[[TestResult name=searchTestWithContainedWord status=SUCCESS method=SearchTest.searchTestWithContainedWord()[pri:0, instance:Search.SearchTest@201a4587] output={null}]]]>
              </value>
            </param>
          </params>
          <reporter-output>
          </reporter-output>
        </test-method> <!-- recordFailure -->
        <test-method is-config="true" signature="tearDown()[pri:0, instance:Search.SearchTest@201a4587]" started-at="2023-09-18T03:50:12 PDT" name="tearDown" finished-at="2023-09-18T03:50:12 PDT" duration-ms="0" status="PASS">
          <reporter-output>
          </reporter-output>
        </test-method> <!-- tearDown -->
      </class> <!-- Search.SearchTest -->
    </test> <!-- Default test -->
  </suite> <!-- Default suite -->
</testng-results>
